0 info it worked if it ends with ok
1 verbose cli [ '/usr/local/bin/node', '/usr/local/bin/npm', 'run', 'push' ]
2 info using npm@3.3.12
3 info using node@v5.2.0
4 verbose run-script [ 'prepush', 'push', 'postpush' ]
5 info lifecycle conic-cli@0.1.0~prepush: conic-cli@0.1.0
6 silly lifecycle conic-cli@0.1.0~prepush: no script for prepush, continuing
7 info lifecycle conic-cli@0.1.0~push: conic-cli@0.1.0
8 verbose lifecycle conic-cli@0.1.0~push: unsafe-perm in lifecycle true
9 verbose lifecycle conic-cli@0.1.0~push: PATH: /usr/local/lib/node_modules/npm/bin/node-gyp-bin:/Users/andycall/baiduYun/Baidu/conic-cli/node_modules/.bin:/Library/Frameworks/Python.framework/Versions/2.7/bin:/usr/local/bin:/usr/bin:/bin:/usr/sbin:/sbin:/Applications/Server.app/Contents/ServerRoot/usr/bin:/Applications/Server.app/Contents/ServerRoot/usr/sbin:/usr/local/git/bin
10 verbose lifecycle conic-cli@0.1.0~push: CWD: /Users/andycall/baiduYun/Baidu/conic-cli
11 silly lifecycle conic-cli@0.1.0~push: Args: [ '-c',
11 silly lifecycle   'git add -A && git commit -m \'quick push\' && git push --push-tags ' ]
12 silly lifecycle conic-cli@0.1.0~push: Returned: code: 129  signal: null
13 info lifecycle conic-cli@0.1.0~push: Failed to exec push script
14 verbose stack Error: conic-cli@0.1.0 push: `git add -A && git commit -m 'quick push' && git push --push-tags `
14 verbose stack Exit status 129
14 verbose stack     at EventEmitter.<anonymous> (/usr/local/lib/node_modules/npm/lib/utils/lifecycle.js:232:16)
14 verbose stack     at emitTwo (events.js:88:13)
14 verbose stack     at EventEmitter.emit (events.js:173:7)
14 verbose stack     at ChildProcess.<anonymous> (/usr/local/lib/node_modules/npm/lib/utils/spawn.js:24:14)
14 verbose stack     at emitTwo (events.js:88:13)
14 verbose stack     at ChildProcess.emit (events.js:173:7)
14 verbose stack     at maybeClose (internal/child_process.js:819:16)
14 verbose stack     at Process.ChildProcess._handle.onexit (internal/child_process.js:212:5)
15 verbose pkgid conic-cli@0.1.0
16 verbose cwd /Users/andycall/baiduYun/Baidu/conic-cli
17 error Darwin 15.0.0
18 error argv "/usr/local/bin/node" "/usr/local/bin/npm" "run" "push"
19 error node v5.2.0
20 error npm  v3.3.12
21 error code ELIFECYCLE
22 error conic-cli@0.1.0 push: `git add -A && git commit -m 'quick push' && git push --push-tags `
22 error Exit status 129
23 error Failed at the conic-cli@0.1.0 push script 'git add -A && git commit -m 'quick push' && git push --push-tags '.
23 error Make sure you have the latest version of node.js and npm installed.
23 error If you do, this is most likely a problem with the conic-cli package,
23 error not with npm itself.
23 error Tell the author that this fails on your system:
23 error     git add -A && git commit -m 'quick push' && git push --push-tags
23 error You can get their info via:
23 error     npm owner ls conic-cli
23 error There is likely additional logging output above.
24 verbose exit [ 1, true ]
